<?xml version="1.0" encoding="UTF-8"?>
<testng-results skipped="0" failed="1" ignored="0" total="4" passed="3">
  <reporter-output>
  </reporter-output>
  <suite name="Main Test Suite" duration-ms="79683" started-at="2019-07-23T05:16:24Z" finished-at="2019-07-23T05:17:43Z">
    <groups>
    </groups>
    <test name="Test" duration-ms="79683" started-at="2019-07-23T05:16:24Z" finished-at="2019-07-23T05:17:43Z">
      <class name="casestudy.shopping">
        <test-method status="PASS" signature="startReport(java.lang.String, java.lang.String)[pri:0, instance:casestudy.shopping@4cf777e8]" name="startReport" is-config="true" duration-ms="232" started-at="2019-07-23T05:16:24Z" finished-at="2019-07-23T05:16:24Z">
          <params>
            <param index="0">
              <value>
                <![CDATA[Windows]]>
              </value>
            </param>
            <param index="1">
              <value>
                <![CDATA[Chrome]]>
              </value>
            </param>
          </params>
          <reporter-output>
          </reporter-output>
        </test-method> <!-- startReport -->
        <test-method status="PASS" signature="beforeclass()[pri:0, instance:casestudy.shopping@4cf777e8]" name="beforeclass" is-config="true" duration-ms="20761" started-at="2019-07-23T05:16:24Z" finished-at="2019-07-23T05:16:45Z">
          <reporter-output>
          </reporter-output>
        </test-method> <!-- beforeclass -->
        <test-method status="PASS" signature="testRegistration()[pri:1, instance:casestudy.shopping@4cf777e8]" name="testRegistration" duration-ms="17270" started-at="2019-07-23T05:16:45Z" finished-at="2019-07-23T05:17:02Z">
          <reporter-output>
          </reporter-output>
        </test-method> <!-- testRegistration -->
        <test-method status="PASS" signature="afterMethod(org.testng.ITestResult)[pri:0, instance:casestudy.shopping@4cf777e8]" name="afterMethod" is-config="true" duration-ms="18" started-at="2019-07-23T05:17:02Z" finished-at="2019-07-23T05:17:02Z">
          <params>
            <param index="0">
              <value>
                <![CDATA[[TestResult name=testRegistration status=SUCCESS method=shopping.testRegistration()[pri:1, instance:casestudy.shopping@4cf777e8] output={null}]]]>
              </value>
            </param>
          </params>
          <reporter-output>
          </reporter-output>
        </test-method> <!-- afterMethod -->
        <test-method status="FAIL" signature="testLogin()[pri:2, instance:casestudy.shopping@4cf777e8]" name="testLogin" duration-ms="2665" started-at="2019-07-23T05:17:02Z" finished-at="2019-07-23T05:17:05Z">
          <exception class="java.lang.AssertionError">
            <message>
              <![CDATA[expected [Home] but found [Home1]]]>
            </message>
            <full-stacktrace>
              <![CDATA[java.lang.AssertionError: expected [Home] but found [Home1]
at org.testng.Assert.fail(Assert.java:96)
at org.testng.Assert.failNotEquals(Assert.java:776)
at org.testng.Assert.assertEqualsImpl(Assert.java:137)
at org.testng.Assert.assertEquals(Assert.java:118)
at org.testng.Assert.assertEquals(Assert.java:453)
at org.testng.Assert.assertEquals(Assert.java:463)
at casestudy.shopping.testLogin(shopping.java:75)
at sun.reflect.NativeMethodAccessorImpl.invoke0(Native Method)
at sun.reflect.NativeMethodAccessorImpl.invoke(NativeMethodAccessorImpl.java:62)
at sun.reflect.DelegatingMethodAccessorImpl.invoke(DelegatingMethodAccessorImpl.java:43)
at java.lang.reflect.Method.invoke(Method.java:498)
at org.testng.internal.MethodInvocationHelper.invokeMethod(MethodInvocationHelper.java:124)
at org.testng.internal.Invoker.invokeMethod(Invoker.java:580)
at org.testng.internal.Invoker.invokeTestMethod(Invoker.java:716)
at org.testng.internal.Invoker.invokeTestMethods(Invoker.java:988)
at org.testng.internal.TestMethodWorker.invokeTestMethods(TestMethodWorker.java:125)
at org.testng.internal.TestMethodWorker.run(TestMethodWorker.java:109)
at org.testng.TestRunner.privateRun(TestRunner.java:648)
at org.testng.TestRunner.run(TestRunner.java:505)
at org.testng.SuiteRunner.runTest(SuiteRunner.java:455)
at org.testng.SuiteRunner.runSequentially(SuiteRunner.java:450)
at org.testng.SuiteRunner.privateRun(SuiteRunner.java:415)
at org.testng.SuiteRunner.run(SuiteRunner.java:364)
at org.testng.SuiteRunnerWorker.runSuite(SuiteRunnerWorker.java:52)
at org.testng.SuiteRunnerWorker.run(SuiteRunnerWorker.java:84)
at org.testng.TestNG.runSuitesSequentially(TestNG.java:1208)
at org.testng.TestNG.runSuitesLocally(TestNG.java:1137)
at org.testng.TestNG.runSuites(TestNG.java:1049)
at org.testng.TestNG.run(TestNG.java:1017)
at org.testng.remote.AbstractRemoteTestNG.run(AbstractRemoteTestNG.java:114)
at org.testng.remote.RemoteTestNG.initAndRun(RemoteTestNG.java:251)
at org.testng.remote.RemoteTestNG.main(RemoteTestNG.java:77)
]]>
            </full-stacktrace>
          </exception> <!-- java.lang.AssertionError -->
          <reporter-output>
          </reporter-output>
        </test-method> <!-- testLogin -->
        <test-method status="PASS" signature="afterMethod(org.testng.ITestResult)[pri:0, instance:casestudy.shopping@4cf777e8]" name="afterMethod" is-config="true" duration-ms="463" started-at="2019-07-23T05:17:05Z" finished-at="2019-07-23T05:17:05Z">
          <params>
            <param index="0">
              <value>
                <![CDATA[[TestResult name=testLogin status=FAILURE method=shopping.testLogin()[pri:2, instance:casestudy.shopping@4cf777e8] output={null}]]]>
              </value>
            </param>
          </params>
          <reporter-output>
          </reporter-output>
        </test-method> <!-- afterMethod -->
        <test-method status="PASS" signature="testCart()[pri:3, instance:casestudy.shopping@4cf777e8]" name="testCart" duration-ms="30599" started-at="2019-07-23T05:17:05Z" finished-at="2019-07-23T05:17:36Z">
          <reporter-output>
          </reporter-output>
        </test-method> <!-- testCart -->
        <test-method status="PASS" signature="afterMethod(org.testng.ITestResult)[pri:0, instance:casestudy.shopping@4cf777e8]" name="afterMethod" is-config="true" duration-ms="1" started-at="2019-07-23T05:17:36Z" finished-at="2019-07-23T05:17:36Z">
          <params>
            <param index="0">
              <value>
                <![CDATA[[TestResult name=testCart status=SUCCESS method=shopping.testCart()[pri:3, instance:casestudy.shopping@4cf777e8] output={null}]]]>
              </value>
            </param>
          </params>
          <reporter-output>
          </reporter-output>
        </test-method> <!-- afterMethod -->
        <test-method status="PASS" signature="testPayment()[pri:4, instance:casestudy.shopping@4cf777e8]" name="testPayment" duration-ms="6375" started-at="2019-07-23T05:17:36Z" finished-at="2019-07-23T05:17:42Z">
          <reporter-output>
          </reporter-output>
        </test-method> <!-- testPayment -->
        <test-method status="PASS" signature="afterClass()[pri:0, instance:casestudy.shopping@4cf777e8]" name="afterClass" is-config="true" duration-ms="668" started-at="2019-07-23T05:17:42Z" finished-at="2019-07-23T05:17:43Z">
          <reporter-output>
          </reporter-output>
        </test-method> <!-- afterClass -->
        <test-method status="PASS" signature="afterMethod(org.testng.ITestResult)[pri:0, instance:casestudy.shopping@4cf777e8]" name="afterMethod" is-config="true" duration-ms="0" started-at="2019-07-23T05:17:42Z" finished-at="2019-07-23T05:17:42Z">
          <params>
            <param index="0">
              <value>
                <![CDATA[[TestResult name=testPayment status=SUCCESS method=shopping.testPayment()[pri:4, instance:casestudy.shopping@4cf777e8] output={null}]]]>
              </value>
            </param>
          </params>
          <reporter-output>
          </reporter-output>
        </test-method> <!-- afterMethod -->
        <test-method status="PASS" signature="afterTest()[pri:0, instance:casestudy.shopping@4cf777e8]" name="afterTest" is-config="true" duration-ms="585" started-at="2019-07-23T05:17:43Z" finished-at="2019-07-23T05:17:43Z">
          <reporter-output>
          </reporter-output>
        </test-method> <!-- afterTest -->
      </class> <!-- casestudy.shopping -->
    </test> <!-- Test -->
  </suite> <!-- Main Test Suite -->
</testng-results>
